I, [2019-12-27T15:12:23.167958 #9825]  INFO -- archive-install-fedora-31: -----> Cleaning up any prior instances of <archive-install-fedora-31>
I, [2019-12-27T15:12:23.168155 #9825]  INFO -- archive-install-fedora-31: -----> Destroying <archive-install-fedora-31>...
I, [2019-12-27T15:12:23.175087 #9825]  INFO -- archive-install-fedora-31: Finished destroying <archive-install-fedora-31> (0m0.00s).
I, [2019-12-27T15:12:23.175806 #9825]  INFO -- archive-install-fedora-31: -----> Testing <archive-install-fedora-31>
I, [2019-12-27T15:12:23.175902 #9825]  INFO -- archive-install-fedora-31: -----> Creating <archive-install-fedora-31>...
I, [2019-12-27T15:12:23.338123 #9825]  INFO -- archive-install-fedora-31: Sending build context to Docker daemon    149kB
I, [2019-12-27T15:12:23.720631 #9825]  INFO -- archive-install-fedora-31: Step 1/20 : FROM fedora:31
I, [2019-12-27T15:12:23.721072 #9825]  INFO -- archive-install-fedora-31:  ---> f0858ad3febd
I, [2019-12-27T15:12:23.722597 #9825]  INFO -- archive-install-fedora-31: Step 2/20 : ENV container docker
I, [2019-12-27T15:12:23.722666 #9825]  INFO -- archive-install-fedora-31:  ---> Using cache
I, [2019-12-27T15:12:23.722686 #9825]  INFO -- archive-install-fedora-31:  ---> 6696e33e6b1e
I, [2019-12-27T15:12:23.722703 #9825]  INFO -- archive-install-fedora-31: Step 3/20 : RUN dnf clean all
I, [2019-12-27T15:12:23.722718 #9825]  INFO -- archive-install-fedora-31:  ---> Using cache
I, [2019-12-27T15:12:23.722732 #9825]  INFO -- archive-install-fedora-31:  ---> 2234ab4d4f2e
I, [2019-12-27T15:12:23.722746 #9825]  INFO -- archive-install-fedora-31: Step 4/20 : RUN dnf install -y sudo openssh-server openssh-clients which curl
I, [2019-12-27T15:12:23.722763 #9825]  INFO -- archive-install-fedora-31:  ---> Using cache
I, [2019-12-27T15:12:23.722778 #9825]  INFO -- archive-install-fedora-31:  ---> ba0b3245a897
I, [2019-12-27T15:12:23.722794 #9825]  INFO -- archive-install-fedora-31: Step 5/20 : RUN [ -f "/etc/ssh/ssh_host_rsa_key" ] || ssh-keygen -t rsa -f /etc/ssh/ssh_host_rsa_key -N ''
I, [2019-12-27T15:12:23.722807 #9825]  INFO -- archive-install-fedora-31:  ---> Using cache
I, [2019-12-27T15:12:23.722820 #9825]  INFO -- archive-install-fedora-31:  ---> d3bfcc668e01
I, [2019-12-27T15:12:23.722837 #9825]  INFO -- archive-install-fedora-31: Step 6/20 : RUN [ -f "/etc/ssh/ssh_host_dsa_key" ] || ssh-keygen -t dsa -f /etc/ssh/ssh_host_dsa_key -N ''
I, [2019-12-27T15:12:23.722852 #9825]  INFO -- archive-install-fedora-31:  ---> Using cache
I, [2019-12-27T15:12:23.722865 #9825]  INFO -- archive-install-fedora-31:  ---> 99323f07ba54
I, [2019-12-27T15:12:23.722881 #9825]  INFO -- archive-install-fedora-31: Step 7/20 : RUN if ! getent passwd kitchen; then                 useradd -d /home/kitchen -m -s /bin/bash -p '*' kitchen;               fi
I, [2019-12-27T15:12:23.724028 #9825]  INFO -- archive-install-fedora-31:  ---> Using cache
I, [2019-12-27T15:12:23.724783 #9825]  INFO -- archive-install-fedora-31:  ---> e34b73520bc8
I, [2019-12-27T15:12:23.724823 #9825]  INFO -- archive-install-fedora-31: Step 8/20 : RUN echo "kitchen ALL=(ALL) NOPASSWD: ALL" >> /etc/sudoers
I, [2019-12-27T15:12:23.725414 #9825]  INFO -- archive-install-fedora-31:  ---> Using cache
I, [2019-12-27T15:12:23.725470 #9825]  INFO -- archive-install-fedora-31:  ---> e608f8601963
I, [2019-12-27T15:12:23.725487 #9825]  INFO -- archive-install-fedora-31: Step 9/20 : RUN echo "Defaults !requiretty" >> /etc/sudoers
I, [2019-12-27T15:12:23.725566 #9825]  INFO -- archive-install-fedora-31:  ---> Using cache
I, [2019-12-27T15:12:23.727585 #9825]  INFO -- archive-install-fedora-31:  ---> f2d6ba0ecec6
I, [2019-12-27T15:12:23.727651 #9825]  INFO -- archive-install-fedora-31: Step 10/20 : RUN mkdir -p /home/kitchen/.ssh
I, [2019-12-27T15:12:23.727666 #9825]  INFO -- archive-install-fedora-31:  ---> Using cache
I, [2019-12-27T15:12:23.727684 #9825]  INFO -- archive-install-fedora-31:  ---> 66985b48ef9f
I, [2019-12-27T15:12:23.727699 #9825]  INFO -- archive-install-fedora-31: Step 11/20 : RUN chown -R kitchen /home/kitchen/.ssh
I, [2019-12-27T15:12:23.727713 #9825]  INFO -- archive-install-fedora-31:  ---> Using cache
I, [2019-12-27T15:12:23.727738 #9825]  INFO -- archive-install-fedora-31:  ---> 41072bdc048d
I, [2019-12-27T15:12:23.727752 #9825]  INFO -- archive-install-fedora-31: Step 12/20 : RUN chmod 0700 /home/kitchen/.ssh
I, [2019-12-27T15:12:23.727765 #9825]  INFO -- archive-install-fedora-31:  ---> Using cache
I, [2019-12-27T15:12:23.727777 #9825]  INFO -- archive-install-fedora-31:  ---> 9bd2c3e8e3ab
I, [2019-12-27T15:12:23.727789 #9825]  INFO -- archive-install-fedora-31: Step 13/20 : RUN touch /home/kitchen/.ssh/authorized_keys
I, [2019-12-27T15:12:23.727942 #9825]  INFO -- archive-install-fedora-31:  ---> Using cache
I, [2019-12-27T15:12:23.727961 #9825]  INFO -- archive-install-fedora-31:  ---> 55c5b5e7321f
I, [2019-12-27T15:12:23.727975 #9825]  INFO -- archive-install-fedora-31: Step 14/20 : RUN chown kitchen /home/kitchen/.ssh/authorized_keys
I, [2019-12-27T15:12:23.727988 #9825]  INFO -- archive-install-fedora-31:  ---> Using cache
I, [2019-12-27T15:12:23.728001 #9825]  INFO -- archive-install-fedora-31:  ---> 73b35356a159
I, [2019-12-27T15:12:23.728014 #9825]  INFO -- archive-install-fedora-31: Step 15/20 : RUN chmod 0600 /home/kitchen/.ssh/authorized_keys
I, [2019-12-27T15:12:23.728027 #9825]  INFO -- archive-install-fedora-31:  ---> Using cache
I, [2019-12-27T15:12:23.728039 #9825]  INFO -- archive-install-fedora-31:  ---> 4405fa082292
I, [2019-12-27T15:12:23.728051 #9825]  INFO -- archive-install-fedora-31: Step 16/20 : RUN mkdir -p /run/sshd
I, [2019-12-27T15:12:23.740370 #9825]  INFO -- archive-install-fedora-31:  ---> Using cache
I, [2019-12-27T15:12:23.740430 #9825]  INFO -- archive-install-fedora-31:  ---> 8f82c7821bd0
I, [2019-12-27T15:12:23.740444 #9825]  INFO -- archive-install-fedora-31: Step 17/20 : RUN sed -i 's/UsePAM yes/UsePAM no/g' /etc/ssh/sshd_config
I, [2019-12-27T15:12:23.740456 #9825]  INFO -- archive-install-fedora-31:  ---> Using cache
I, [2019-12-27T15:12:23.740470 #9825]  INFO -- archive-install-fedora-31:  ---> fcde47fd0933
I, [2019-12-27T15:12:23.740483 #9825]  INFO -- archive-install-fedora-31: Step 18/20 : RUN systemctl enable sshd.service
I, [2019-12-27T15:12:23.740494 #9825]  INFO -- archive-install-fedora-31:  ---> Using cache
I, [2019-12-27T15:12:23.740504 #9825]  INFO -- archive-install-fedora-31:  ---> 5106178c0506
I, [2019-12-27T15:12:23.740517 #9825]  INFO -- archive-install-fedora-31: Step 19/20 : RUN yum -y install python-pip
I, [2019-12-27T15:12:23.740528 #9825]  INFO -- archive-install-fedora-31:  ---> Using cache
I, [2019-12-27T15:12:23.740538 #9825]  INFO -- archive-install-fedora-31:  ---> 09557b3f57bb
I, [2019-12-27T15:12:23.740549 #9825]  INFO -- archive-install-fedora-31: Step 20/20 : RUN echo ssh-rsa\ AAAAB3NzaC1yc2EAAAADAQABAAABAQC5xlVxSukumkBS8OIrcQwtrTYqToOG5qHibxBuGtL0zSeBi2tbNAFlahXmC0IsTRJlMgycR6qCXk4mMtCNzI9GTRR\+k7MG01NG\+xJwT/kuKMA/i3WqIPJZ6iSfKbduaMevZaEJ6ZpGBU/AXfs3K/uJtJknlsl4Zdx4zbQCSvf3gwIz1PdJ6CcflWB3GVDJxMPfgSasO3AZcuxg9U0I3Uhh4SDn\+vGM2NGtP7imwCoGldyYzvCrR/ru8JoY2OoC/1VdN1d2TzDGiWi9z/fTscwgEYMAeCnOHW9MgBxnBOAWnzknmYqXFIwbuO/N8EhuXGxNVu51gjhn/okE21WY\+9XN\ kitchen_docker_key >> /home/kitchen/.ssh/authorized_keys
I, [2019-12-27T15:12:23.864548 #9825]  INFO -- archive-install-fedora-31:  ---> Running in 4744a015e533
I, [2019-12-27T15:12:26.047864 #9825]  INFO -- archive-install-fedora-31: Removing intermediate container 4744a015e533
I, [2019-12-27T15:12:26.047936 #9825]  INFO -- archive-install-fedora-31:  ---> 7e5d6fffdca9
I, [2019-12-27T15:12:26.066156 #9825]  INFO -- archive-install-fedora-31: Successfully built 7e5d6fffdca9
I, [2019-12-27T15:12:26.316417 #9825]  INFO -- archive-install-fedora-31: 0162442b78d0168151e30cf9142f58a807e2c77726d50967936ed7375c305234
I, [2019-12-27T15:12:27.773881 #9825]  INFO -- archive-install-fedora-31: 0.0.0.0:32802
I, [2019-12-27T15:12:27.799476 #9825]  INFO -- archive-install-fedora-31: Waiting for SSH service on localhost:32802, retrying in 3 seconds
I, [2019-12-27T15:12:31.044382 #9825]  INFO -- archive-install-fedora-31: [SSH] Established
I, [2019-12-27T15:12:31.045546 #9825]  INFO -- archive-install-fedora-31: Finished creating <archive-install-fedora-31> (0m7.87s).
I, [2019-12-27T15:12:31.050476 #9825]  INFO -- archive-install-fedora-31: -----> Converging <archive-install-fedora-31>...
I, [2019-12-27T15:12:31.050976 #9825]  INFO -- archive-install-fedora-31: Preparing files for transfer
I, [2019-12-27T15:12:31.051032 #9825]  INFO -- archive-install-fedora-31: Preparing playbook
I, [2019-12-27T15:12:31.051208 #9825]  INFO -- archive-install-fedora-31: Preparing inventory
I, [2019-12-27T15:12:31.051259 #9825]  INFO -- archive-install-fedora-31: Preparing modules
I, [2019-12-27T15:12:31.051370 #9825]  INFO -- archive-install-fedora-31: nothing to do for modules
I, [2019-12-27T15:12:31.051402 #9825]  INFO -- archive-install-fedora-31: Preparing roles
I, [2019-12-27T15:12:31.086107 #9825]  INFO -- archive-install-fedora-31: Preparing ansible.cfg file
I, [2019-12-27T15:12:31.086199 #9825]  INFO -- archive-install-fedora-31: Found existing ansible.cfg
I, [2019-12-27T15:12:31.086411 #9825]  INFO -- archive-install-fedora-31: Preparing group_vars
I, [2019-12-27T15:12:31.086529 #9825]  INFO -- archive-install-fedora-31: nothing to do for group_vars
I, [2019-12-27T15:12:31.086559 #9825]  INFO -- archive-install-fedora-31: Preparing additional_copy_path
I, [2019-12-27T15:12:31.086660 #9825]  INFO -- archive-install-fedora-31: Preparing host_vars
I, [2019-12-27T15:12:31.086745 #9825]  INFO -- archive-install-fedora-31: nothing to do for host_vars
I, [2019-12-27T15:12:31.086783 #9825]  INFO -- archive-install-fedora-31: Preparing hosts file
I, [2019-12-27T15:12:31.086871 #9825]  INFO -- archive-install-fedora-31: Preparing spec
I, [2019-12-27T15:12:31.086935 #9825]  INFO -- archive-install-fedora-31: nothing to do for spec
I, [2019-12-27T15:12:31.086961 #9825]  INFO -- archive-install-fedora-31: Preparing library plugins
I, [2019-12-27T15:12:31.087052 #9825]  INFO -- archive-install-fedora-31: nothing to do for library plugins
I, [2019-12-27T15:12:31.087079 #9825]  INFO -- archive-install-fedora-31: Preparing callback plugins
I, [2019-12-27T15:12:31.087355 #9825]  INFO -- archive-install-fedora-31: nothing to do for callback plugins
I, [2019-12-27T15:12:31.087548 #9825]  INFO -- archive-install-fedora-31: Preparing filter_plugins
I, [2019-12-27T15:12:31.087761 #9825]  INFO -- archive-install-fedora-31: nothing to do for filter_plugins
I, [2019-12-27T15:12:31.087845 #9825]  INFO -- archive-install-fedora-31: Preparing lookup_plugins
I, [2019-12-27T15:12:31.088025 #9825]  INFO -- archive-install-fedora-31: nothing to do for lookup_plugins
I, [2019-12-27T15:12:31.088136 #9825]  INFO -- archive-install-fedora-31: Preparing ansible vault password
I, [2019-12-27T15:12:31.088272 #9825]  INFO -- archive-install-fedora-31: Preparing additional_ssh_private_keys
I, [2019-12-27T15:12:31.088398 #9825]  INFO -- archive-install-fedora-31: nothing to do for additional_ssh_private_keys
I, [2019-12-27T15:12:31.088482 #9825]  INFO -- archive-install-fedora-31: Finished Preparing files for transfer
I, [2019-12-27T15:12:31.090133 #9825]  INFO -- archive-install-fedora-31: Installing ansible through pip
I, [2019-12-27T15:12:31.334205 #9825]  INFO -- archive-install-fedora-31: which: no ansible in (/home/kitchen/.local/bin:/home/kitchen/bin:/usr/local/bin:/usr/bin:/usr/local/sbin:/usr/sbin)
I, [2019-12-27T15:13:59.072999 #9825]  INFO -- archive-install-fedora-31: Error: Unable to find a match: libselinux-python python-setuptools-dev
I, [2019-12-27T15:14:01.074187 #9825]  INFO -- archive-install-fedora-31: [33mWARNING: Running pip install with root privileges is generally not a good idea. Try `pip install --user` instead.[0m
I, [2019-12-27T15:14:06.117795 #9825]  INFO -- archive-install-fedora-31: [33mWARNING: Running pip install with root privileges is generally not a good idea. Try `pip install --user` instead.[0m
I, [2019-12-27T15:14:36.947270 #9825]  INFO -- archive-install-fedora-31: Transferring files to <archive-install-fedora-31>
I, [2019-12-27T15:14:39.981558 #9825]  INFO -- archive-install-fedora-31: - downloading role 'systemd', owned by 0x0i
I, [2019-12-27T15:14:41.055266 #9825]  INFO -- archive-install-fedora-31: - downloading role from https://github.com/0x0I/ansible-role-systemd/archive/master.tar.gz
I, [2019-12-27T15:14:41.378855 #9825]  INFO -- archive-install-fedora-31: - extracting 0x0i.systemd to /tmp/kitchen/roles/0x0i.systemd
I, [2019-12-27T15:14:41.382706 #9825]  INFO -- archive-install-fedora-31: - 0x0i.systemd (master) was installed successfully
I, [2019-12-27T15:14:42.354936 #9825]  INFO -- archive-install-fedora-31: [0;34mansible-playbook 2.9.2[0m
I, [2019-12-27T15:14:42.355005 #9825]  INFO -- archive-install-fedora-31: [0;34m  config file = /etc/ansible/ansible.cfg[0m
I, [2019-12-27T15:14:42.355033 #9825]  INFO -- archive-install-fedora-31: [0;34m  configured module search path = ['/root/.ansible/plugins/modules', '/usr/share/ansible/plugins/modules'][0m
I, [2019-12-27T15:14:42.355059 #9825]  INFO -- archive-install-fedora-31: [0;34m  ansible python module location = /usr/local/lib/python3.7/site-packages/ansible[0m
I, [2019-12-27T15:14:42.355078 #9825]  INFO -- archive-install-fedora-31: [0;34m  executable location = /usr/local/bin/ansible-playbook[0m
I, [2019-12-27T15:14:42.355093 #9825]  INFO -- archive-install-fedora-31: [0;34m  python version = 3.7.4 (default, Aug 12 2019, 14:45:07) [GCC 9.1.1 20190605 (Red Hat 9.1.1-2)][0m
I, [2019-12-27T15:14:42.355108 #9825]  INFO -- archive-install-fedora-31: [0;34mUsing /etc/ansible/ansible.cfg as config file[0m
I, [2019-12-27T15:14:42.397445 #9825]  INFO -- archive-install-fedora-31: [0;35m[DEPRECATION WARNING]: The TRANSFORM_INVALID_GROUP_CHARS settings is set to [0m
I, [2019-12-27T15:14:42.397516 #9825]  INFO -- archive-install-fedora-31: [0;35mallow bad characters in group names by default, this will change, but still be [0m
I, [2019-12-27T15:14:42.397544 #9825]  INFO -- archive-install-fedora-31: [0;35muser configurable on deprecation. This feature will be removed in version 2.10.[0m
I, [2019-12-27T15:14:42.397570 #9825]  INFO -- archive-install-fedora-31: [0;35m Deprecation warnings can be disabled by setting deprecation_warnings=False in [0m
I, [2019-12-27T15:14:42.397590 #9825]  INFO -- archive-install-fedora-31: [0;35mansible.cfg.[0m
I, [2019-12-27T15:14:42.397628 #9825]  INFO -- archive-install-fedora-31: [1;35m[WARNING]: Invalid characters were found in group names but not replaced, use[0m
I, [2019-12-27T15:14:42.397650 #9825]  INFO -- archive-install-fedora-31: [1;35m-vvvv to see details[0m
I, [2019-12-27T15:14:42.397668 #9825]  INFO -- archive-install-fedora-31: [1;35m[0m
I, [2019-12-27T15:14:43.641539 #9825]  INFO -- archive-install-fedora-31: 
I, [2019-12-27T15:14:43.641660 #9825]  INFO -- archive-install-fedora-31: PLAYBOOK: default_playbook.yml *************************************************
I, [2019-12-27T15:14:43.641975 #9825]  INFO -- archive-install-fedora-31: [0;34m1 plays in /tmp/kitchen/default_playbook.yml[0m
I, [2019-12-27T15:14:43.644165 #9825]  INFO -- archive-install-fedora-31: 
I, [2019-12-27T15:14:43.644253 #9825]  INFO -- archive-install-fedora-31: PLAY [Default playbook for testing] ********************************************
I, [2019-12-27T15:14:43.656462 #9825]  INFO -- archive-install-fedora-31: 
I, [2019-12-27T15:14:43.656542 #9825]  INFO -- archive-install-fedora-31: TASK [Gathering Facts] *********************************************************
I, [2019-12-27T15:14:43.656740 #9825]  INFO -- archive-install-fedora-31: [1;30mtask path: /tmp/kitchen/default_playbook.yml:2[0m
I, [2019-12-27T15:14:44.507245 #9825]  INFO -- archive-install-fedora-31: [0;32mok: [localhost][0m
I, [2019-12-27T15:14:44.508797 #9825]  INFO -- archive-install-fedora-31: [0;34mMETA: ran handlers[0m
I, [2019-12-27T15:14:44.516859 #9825]  INFO -- archive-install-fedora-31: 
I, [2019-12-27T15:14:44.516928 #9825]  INFO -- archive-install-fedora-31: TASK [ansible-role-prometheus : Include OS and distribution specific variables.] ***
I, [2019-12-27T15:14:44.517099 #9825]  INFO -- archive-install-fedora-31: [1;30mtask path: /tmp/kitchen/roles/ansible-role-prometheus/tasks/main.yml:2[0m
I, [2019-12-27T15:14:44.564986 #9825]  INFO -- archive-install-fedora-31: [0;32mok: [localhost] => (item=/tmp/kitchen/roles/ansible-role-prometheus/vars/redhat.yml) => {"ansible_facts": {}, "ansible_included_var_files": ["/tmp/kitchen/roles/ansible-role-prometheus/vars/redhat.yml"], "ansible_loop_var": "item", "changed": false, "item": "/tmp/kitchen/roles/ansible-role-prometheus/vars/redhat.yml"}[0m
I, [2019-12-27T15:14:44.574782 #9825]  INFO -- archive-install-fedora-31: 
I, [2019-12-27T15:14:44.574866 #9825]  INFO -- archive-install-fedora-31: TASK [ansible-role-prometheus : Include OS and distribution specific installation tasks.] ***
I, [2019-12-27T15:14:44.575094 #9825]  INFO -- archive-install-fedora-31: [1;30mtask path: /tmp/kitchen/roles/ansible-role-prometheus/tasks/main.yml:10[0m
I, [2019-12-27T15:14:44.636054 #9825]  INFO -- archive-install-fedora-31: 
I, [2019-12-27T15:14:44.636139 #9825]  INFO -- archive-install-fedora-31: TASK [ansible-role-prometheus : Include common installation tasks] *************
I, [2019-12-27T15:14:44.636563 #9825]  INFO -- archive-install-fedora-31: [1;30mtask path: /tmp/kitchen/roles/ansible-role-prometheus/tasks/main.yml:18[0m
I, [2019-12-27T15:14:44.687369 #9825]  INFO -- archive-install-fedora-31: [0;36mincluded: /tmp/kitchen/roles/ansible-role-prometheus/tasks/common/install.yml for localhost[0m
I, [2019-12-27T15:14:44.696822 #9825]  INFO -- archive-install-fedora-31: 
I, [2019-12-27T15:14:44.696910 #9825]  INFO -- archive-install-fedora-31: TASK [ansible-role-prometheus : Ensure Prometheus group exists] ****************
I, [2019-12-27T15:14:44.697158 #9825]  INFO -- archive-install-fedora-31: [1;30mtask path: /tmp/kitchen/roles/ansible-role-prometheus/tasks/common/install.yml:2[0m
I, [2019-12-27T15:14:45.147186 #9825]  INFO -- archive-install-fedora-31: [0;33mchanged: [localhost] => {"changed": true, "gid": 1001, "name": "prometheus", "state": "present", "system": false}[0m
I, [2019-12-27T15:14:45.156617 #9825]  INFO -- archive-install-fedora-31: 
I, [2019-12-27T15:14:45.156708 #9825]  INFO -- archive-install-fedora-31: TASK [ansible-role-prometheus : Create Prometheus user] ************************
I, [2019-12-27T15:14:45.156963 #9825]  INFO -- archive-install-fedora-31: [1;30mtask path: /tmp/kitchen/roles/ansible-role-prometheus/tasks/common/install.yml:8[0m
I, [2019-12-27T15:14:45.698492 #9825]  INFO -- archive-install-fedora-31: [0;33mchanged: [localhost] => {"changed": true, "comment": "Prometheus service account", "create_home": true, "group": 1001, "home": "/home/prometheus", "name": "prometheus", "shell": "/bin/bash", "state": "present", "system": false, "uid": 1001}[0m
I, [2019-12-27T15:14:45.706753 #9825]  INFO -- archive-install-fedora-31: 
I, [2019-12-27T15:14:45.706842 #9825]  INFO -- archive-install-fedora-31: TASK [ansible-role-prometheus : perform designated installation procedure] *****
I, [2019-12-27T15:14:45.707064 #9825]  INFO -- archive-install-fedora-31: [1;30mtask path: /tmp/kitchen/roles/ansible-role-prometheus/tasks/common/install.yml:15[0m
I, [2019-12-27T15:14:45.747659 #9825]  INFO -- archive-install-fedora-31: [0;34mMETA: ran handlers[0m
I, [2019-12-27T15:14:45.747812 #9825]  INFO -- archive-install-fedora-31: [0;34mMETA: ran handlers[0m
I, [2019-12-27T15:14:45.748968 #9825]  INFO -- archive-install-fedora-31: 
I, [2019-12-27T15:14:45.749058 #9825]  INFO -- archive-install-fedora-31: PLAY RECAP *********************************************************************
I, [2019-12-27T15:14:45.749617 #9825]  INFO -- archive-install-fedora-31: [0;33mlocalhost[0m                  : [0;32mok=5   [0m [0;33mchanged=2   [0m unreachable=0    failed=0    skipped=0    rescued=0    ignored=0   
I, [2019-12-27T15:14:45.749835 #9825]  INFO -- archive-install-fedora-31: 
I, [2019-12-27T15:14:45.815039 #9825]  INFO -- archive-install-fedora-31: Downloading files from <archive-install-fedora-31>
I, [2019-12-27T15:14:45.819300 #9825]  INFO -- archive-install-fedora-31: Finished converging <archive-install-fedora-31> (2m14.77s).
I, [2019-12-27T15:14:45.819428 #9825]  INFO -- archive-install-fedora-31: -----> Setting up <archive-install-fedora-31>...
I, [2019-12-27T15:14:45.820092 #9825]  INFO -- archive-install-fedora-31: Finished setting up <archive-install-fedora-31> (0m0.00s).
I, [2019-12-27T15:14:45.820181 #9825]  INFO -- archive-install-fedora-31: -----> Verifying <archive-install-fedora-31>...
I, [2019-12-27T15:14:46.110178 #9825]  INFO -- archive-install-fedora-31: Loaded tests from {:path=>".home.awilson.lab.ansible-role-prometheus.test.integration.install.archive_install"} 
I, [2019-12-27T15:14:46.243696 #9825]  INFO -- archive-install-fedora-31: Finished verifying <archive-install-fedora-31> (0m0.42s).
I, [2019-12-27T15:14:46.244167 #9825]  INFO -- archive-install-fedora-31: -----> Destroying <archive-install-fedora-31>...
I, [2019-12-27T15:14:46.321679 #9825]  INFO -- archive-install-fedora-31: UID                 PID                 PPID                C                   STIME               TTY                 TIME                CMD
I, [2019-12-27T15:14:46.321770 #9825]  INFO -- archive-install-fedora-31: root                11088               11061               0                   15:12               ?                   00:00:00            /sbin/init
I, [2019-12-27T15:14:46.726135 #9825]  INFO -- archive-install-fedora-31: 0162442b78d0168151e30cf9142f58a807e2c77726d50967936ed7375c305234
I, [2019-12-27T15:14:47.032092 #9825]  INFO -- archive-install-fedora-31: 0162442b78d0168151e30cf9142f58a807e2c77726d50967936ed7375c305234
I, [2019-12-27T15:14:47.047535 #9825]  INFO -- archive-install-fedora-31: Finished destroying <archive-install-fedora-31> (0m0.80s).
I, [2019-12-27T15:14:47.047797 #9825]  INFO -- archive-install-fedora-31: Finished testing <archive-install-fedora-31> (2m23.88s).
