I, [2019-12-27T15:12:21.387690 #9825]  INFO -- Kitchen: -----> Starting Kitchen (v2.2.5)
I, [2019-12-27T15:12:23.167418 #9825]  INFO -- Kitchen: -----> Cleaning up any prior instances of <archive-install-centos-7>
I, [2019-12-27T15:12:23.167513 #9825]  INFO -- Kitchen: -----> Cleaning up any prior instances of <archive-install-fedora-30>
I, [2019-12-27T15:12:23.167571 #9825]  INFO -- Kitchen: -----> Cleaning up any prior instances of <archive-install-fedora-31>
I, [2019-12-27T15:12:23.168111 #9825]  INFO -- Kitchen: -----> Destroying <archive-install-fedora-31>...
I, [2019-12-27T15:12:23.167624 #9825]  INFO -- Kitchen: -----> Cleaning up any prior instances of <archive-install-ubuntu-1804>
I, [2019-12-27T15:12:23.169537 #9825]  INFO -- Kitchen: -----> Destroying <archive-install-centos-7>...
I, [2019-12-27T15:12:23.167707 #9825]  INFO -- Kitchen: -----> Cleaning up any prior instances of <archive-install-debian-8>
I, [2019-12-27T15:12:23.167667 #9825]  INFO -- Kitchen: -----> Cleaning up any prior instances of <archive-install-ubuntu-1904>
I, [2019-12-27T15:12:23.171965 #9825]  INFO -- Kitchen: -----> Destroying <archive-install-ubuntu-1904>...
I, [2019-12-27T15:12:23.172709 #9825]  INFO -- Kitchen: -----> Testing <archive-install-ubuntu-1904>
I, [2019-12-27T15:12:23.172814 #9825]  INFO -- Kitchen: -----> Creating <archive-install-ubuntu-1904>...
I, [2019-12-27T15:12:23.167752 #9825]  INFO -- Kitchen: -----> Cleaning up any prior instances of <archive-install-debian-9>
I, [2019-12-27T15:12:23.169177 #9825]  INFO -- Kitchen: -----> Destroying <archive-install-fedora-30>...
I, [2019-12-27T15:12:23.175774 #9825]  INFO -- Kitchen: -----> Testing <archive-install-fedora-31>
I, [2019-12-27T15:12:23.175878 #9825]  INFO -- Kitchen: -----> Creating <archive-install-fedora-31>...
I, [2019-12-27T15:12:23.175545 #9825]  INFO -- Kitchen: -----> Destroying <archive-install-ubuntu-1804>...
I, [2019-12-27T15:12:23.179919 #9825]  INFO -- Kitchen: -----> Testing <archive-install-ubuntu-1804>
I, [2019-12-27T15:12:23.180019 #9825]  INFO -- Kitchen: -----> Creating <archive-install-ubuntu-1804>...
I, [2019-12-27T15:12:23.182897 #9825]  INFO -- Kitchen: -----> Destroying <archive-install-debian-9>...
I, [2019-12-27T15:12:23.179048 #9825]  INFO -- Kitchen: -----> Destroying <archive-install-debian-8>...
I, [2019-12-27T15:12:23.183920 #9825]  INFO -- Kitchen: -----> Testing <archive-install-debian-9>
I, [2019-12-27T15:12:23.184045 #9825]  INFO -- Kitchen: -----> Testing <archive-install-debian-8>
I, [2019-12-27T15:12:23.184107 #9825]  INFO -- Kitchen: -----> Creating <archive-install-debian-9>...
I, [2019-12-27T15:12:23.184159 #9825]  INFO -- Kitchen: -----> Creating <archive-install-debian-8>...
I, [2019-12-27T15:12:23.186924 #9825]  INFO -- Kitchen: -----> Testing <archive-install-fedora-30>
I, [2019-12-27T15:12:23.187062 #9825]  INFO -- Kitchen: -----> Creating <archive-install-fedora-30>...
I, [2019-12-27T15:12:26.302072 #9825]  INFO -- Kitchen: -----> Testing <archive-install-centos-7>
I, [2019-12-27T15:12:26.302153 #9825]  INFO -- Kitchen: -----> Creating <archive-install-centos-7>...
I, [2019-12-27T15:12:27.213699 #9825]  INFO -- Kitchen: -----> Converging <archive-install-debian-8>...
I, [2019-12-27T15:12:28.247488 #9825]  INFO -- Kitchen: -----> Converging <archive-install-centos-7>...
I, [2019-12-27T15:12:29.767244 #9825]  INFO -- Kitchen: -----> Converging <archive-install-ubuntu-1904>...
I, [2019-12-27T15:12:30.257486 #9825]  INFO -- Kitchen: -----> Converging <archive-install-ubuntu-1804>...
I, [2019-12-27T15:12:30.716727 #9825]  INFO -- Kitchen: -----> Converging <archive-install-debian-9>...
I, [2019-12-27T15:12:31.008999 #9825]  INFO -- Kitchen: -----> Converging <archive-install-fedora-30>...
I, [2019-12-27T15:12:31.050417 #9825]  INFO -- Kitchen: -----> Converging <archive-install-fedora-31>...
I, [2019-12-27T15:14:00.760091 #9825]  INFO -- Kitchen: -----> Setting up <archive-install-ubuntu-1804>...
I, [2019-12-27T15:14:00.763888 #9825]  INFO -- Kitchen: -----> Verifying <archive-install-ubuntu-1804>...
I, [2019-12-27T15:14:01.277189 #9825]  INFO -- Kitchen: -----> Destroying <archive-install-ubuntu-1804>...
I, [2019-12-27T15:14:09.577235 #9825]  INFO -- Kitchen: -----> Setting up <archive-install-debian-9>...
I, [2019-12-27T15:14:09.578014 #9825]  INFO -- Kitchen: -----> Verifying <archive-install-debian-9>...
I, [2019-12-27T15:14:10.104862 #9825]  INFO -- Kitchen: -----> Destroying <archive-install-debian-9>...
I, [2019-12-27T15:14:13.283379 #9825]  INFO -- Kitchen: -----> Setting up <archive-install-debian-8>...
I, [2019-12-27T15:14:13.286376 #9825]  INFO -- Kitchen: -----> Verifying <archive-install-debian-8>...
I, [2019-12-27T15:14:13.597243 #9825]  INFO -- Kitchen: -----> Destroying <archive-install-debian-8>...
I, [2019-12-27T15:14:19.748458 #9825]  INFO -- Kitchen: -----> Setting up <archive-install-centos-7>...
I, [2019-12-27T15:14:19.749610 #9825]  INFO -- Kitchen: -----> Verifying <archive-install-centos-7>...
I, [2019-12-27T15:14:20.382737 #9825]  INFO -- Kitchen: -----> Destroying <archive-install-centos-7>...
I, [2019-12-27T15:14:23.628465 #9825]  INFO -- Kitchen: -----> Setting up <archive-install-ubuntu-1904>...
I, [2019-12-27T15:14:23.629220 #9825]  INFO -- Kitchen: -----> Verifying <archive-install-ubuntu-1904>...
I, [2019-12-27T15:14:24.014172 #9825]  INFO -- Kitchen: -----> Destroying <archive-install-ubuntu-1904>...
I, [2019-12-27T15:14:41.707059 #9825]  INFO -- Kitchen: -----> Setting up <archive-install-fedora-30>...
I, [2019-12-27T15:14:41.708527 #9825]  INFO -- Kitchen: -----> Verifying <archive-install-fedora-30>...
I, [2019-12-27T15:14:42.267035 #9825]  INFO -- Kitchen: -----> Destroying <archive-install-fedora-30>...
I, [2019-12-27T15:14:45.819400 #9825]  INFO -- Kitchen: -----> Setting up <archive-install-fedora-31>...
I, [2019-12-27T15:14:45.820159 #9825]  INFO -- Kitchen: -----> Verifying <archive-install-fedora-31>...
I, [2019-12-27T15:14:46.244127 #9825]  INFO -- Kitchen: -----> Destroying <archive-install-fedora-31>...
I, [2019-12-27T15:14:47.048526 #9825]  INFO -- Kitchen: -----> Kitchen is finished. (2m25.66s)
